Below is a list of files we were unable to include in this backup. These files
are not missing, but were not available in our file-store cloud at the time the
tarball was made or are not backed up because they can be generated. In almost
all cases these will be resolved the next time you generate a backup or export.

/js/js_W_OPCijOS4x9keVb5gTgDT-LRp9-X0olzes_9yfZWSQ.js: Generated files are not backed up
/styles/simplecrop/public/20POUR_SPAN-jumbo_5.jpg: Generated files are not backed up
/styles/simplecrop/public/ribera-logo.png: Generated files are not backed up
/styles/298x219_simplecrop/public/youku-thumbnail_1.jpg: Generated files are not backed up
/js/js_mGHZo4ghEB4SF0No0OoGER7P4fQfrV-qFByYXTOXZDU.js: Generated files are not backed up
/styles/simplecrop/public/Castile-Leon-Tierra-del-Vino-de-Zamora-DO.jpg: Generated files are not backed up
/styles/simplecrop/public/Galicia-Monterrei-DO.jpg: Generated files are not backed up
/js/js_ZwtHh_UtMhEyIZ7P23uU_tO_tZHXgPG1rk11b_m8s9Y.js: Generated files are not backed up
/styles/simplecrop/public/Cluster of grapes Pedro Ximenez variety - Copy_0.jpg: Generated files are not backed up
/styles/simplecrop/public/Galicia-Valdeorras-DO.jpg: Generated files are not backed up
/css/css_KPfdza0Q2CLrcMki8RF0tsOfDpeHvIh7ozsSnCYvdUw.css: Generated files are not backed up
/styles/simplecrop/public/Contact.jpg: Generated files are not backed up
/styles/simplecrop/public/carinena-bigimage.jpg: Generated files are not backed up
/styles/simplecrop/public/DO-RIBEIRO.jpg: Generated files are not backed up
/styles/simplecrop/public/DO-YECLA.jpg: Generated files are not backed up
/styles/simplecrop/public/event22_2.jpg: Generated files are not backed up
/js/js_oqk-tsICkVBm1rKBt-K349fponGuijSbnmI3O9dqY_Q.js: Generated files are not backed up
/js/js_FKun-6NYKKM6FtgA11rpMBcEHBkMF4s-MtXXxECIxs4.js: Generated files are not backed up
/js/wysiwyg/wysiwyg_ckeditor_uWMoMQ7qlhtyf-cFJlMTazsAxhCeS88weKBiAtXujAQ.js: Generated files are not backed up
/styles/simplecrop/public/skye-studios-713608-unsplash-min-min-min.jpg: Generated files are not backed up
/styles/simplecrop/public/montilla-table-min.jpg: Generated files are not backed up
/js/js_phfinvIVe7CXrpcamlFzPT_9xL5nHjFUFlAioIW1uLc.js: Generated files are not backed up
/styles/298x219_simplecrop/public/youku-thumbnail_8.jpg: Generated files are not backed up
/styles/simplecrop/public/jumilla-bigimage-min.jpg: Generated files are not backed up
/styles/simplecrop/public/ribera-del-guadiana-table-min.jpg: Generated files are not backed up
/styles/thumbnail/public/qrcode_for_gh_0e11c453687e_258.jpg: Generated files are not backed up
/styles/qr_code/public/wechat-qrcode@2x.png: Generated files are not backed up
/styles/simplecrop/public/img-learn@2x.jpg: Generated files are not backed up
/styles/simplecrop/public/Canary-Islands-Valle-de-la-Orotava-DO.jpg: Generated files are not backed up
/styles/simplecrop/public/catalunya-table-min.jpg: Generated files are not backed up
/js/js_1GbHIGqTKtSh0RNyDpz3zcCNd7hV3TIeIkdnC7xnQug.js: Generated files are not backed up
/styles/simplecrop/public/Cluster of grapes Airen variety - Copy_0.jpg: Generated files are not backed up
/styles/simplecrop/public/Canary-Islands-Ycoden-Daute-Isora-DO.jpg: Generated files are not backed up
/styles/simplecrop/public/palma-bigimage-min.jpg: Generated files are not backed up
/styles/simplecrop/public/img-news@2x_2.jpg: Generated files are not backed up
/js/js_aR4kXLWNLSwEzhmmXh1sudlczIyYuJLXdUpRRirb2hU.js: Generated files are not backed up
/styles/simplecrop/public/penedes-bigimage-min.jpg: Generated files are not backed up
/styles/simplecrop/public/valdepenas-bigimage-min.jpg: Generated files are not backed up
/css/css_xBrevOBNt-uu_cDM-wQl_x8NrGhtIGkNVk-drpw_YPE.css: Generated files are not backed up
/js/js_JMLicnE9e7lbwdTu1mkZ3JjqIbG0dqbPYnUsICuwe9I.js: Generated files are not backed up
/styles/simplecrop/public/alava1.jpg: Generated files are not backed up
/js/js_naZZ3hmgJqH0h1DGHTHGHq0okyvgwUO9wP3Qdn4hVj8.js: Generated files are not backed up
/js/js_4v7jsCeDC3bvzMMuENaWd3W2mDVyYJmuT1oaiQeR7bU.js: Generated files are not backed up
/styles/simplecrop/public/ribera-del-guadiana-bigimage-min.jpg: Generated files are not backed up
/styles/simplecrop/public/iStock_000006414698Small.jpg: Generated files are not backed up
/styles/simplecrop/public/photo-1526137630052-dc2c4693f0d5_0-min_0.jpg: Generated files are not backed up
/styles/simplecrop/public/Andalusia——Jerez-Xérès-Sherry-y-Manzanilla-Sanlúcar-de-Barrameda-DO.jpg: Generated files are not backed up
/css/css_6vfcbfRTElb9hY0mPCLqVlIfWUPFyTRnLzgWOL4v7Vw.css: Generated files are not backed up
/styles/simplecrop/public/DO-TORO.jpg: Generated files are not backed up
/styles/simplecrop/public/alava-table.png: Generated files are not backed up
/styles/298x219_simplecrop/public/youku-thumbnail_7.jpg: Generated files are not backed up
/css/css_P-GOUr2ZH4Fjg1_FaX534Rnb38HXrrOmwBztQwTl3wg.css: Generated files are not backed up
/css/css_3PbVWDv1XuyNGfZlcQM10czVY3l_XZxlJc7BvRnxrGg.css: Generated files are not backed up
/js/js_w48kO8klRJFb6WZ-KB1navVAgRVQEZySs2eXiOAxuI0.js: Generated files are not backed up
/css/css_fqkHkYlLTv3XbE6LnVl1BdxDq4Cm6TJmCGoLe--LLvQ.css: Generated files are not backed up
/css/css_6lU6Rm8uSi1KMi6zQNSY8oaDao5zOtfq1KxkZaw1qpo.css: Generated files are not backed up
/styles/simplecrop/public/tierra-vino-logo.png: Generated files are not backed up
/css/css_q3x20MQCsQ9WTMWvQDCVog-KpeA6cVS64zT--EpqVRQ.css: Generated files are not backed up
/js/js__UwqRagWtrJWL5g5bWaOC3RXJL_o_F8Gy85A2b4A5TY.js: Generated files are not backed up
/styles/simplecrop/public/DO-ALELLA.jpg: Generated files are not backed up
/css/css_kbXfRFAON0TUfdiExp7CBvTnuS3BOUq5xop8PyAwWg8.css: Generated files are not backed up
/styles/simplecrop/public/terrealta-logo-min.png: Generated files are not backed up
/styles/simplecrop/public/toro-bigimage-min.jpg: Generated files are not backed up
/styles/simplecrop/public/penedes-logo-min.png: Generated files are not backed up
/styles/simplecrop/public/gomera-bigimage-min.jpg: Generated files are not backed up
/styles/simplecrop/public/tierra-vino-bigimage-min.jpg: Generated files are not backed up
/css/css_4Y_Ogtt4vnjOk4iHzGpnLz_f5cS2AwQDIQUTFJATcYI.css: Generated files are not backed up
/styles/simplecrop/public/event-2_0.jpg: Generated files are not backed up
/styles/thumbnail/public/wechat.png: Generated files are not backed up
/styles/simplecrop/public/alicante-table-min.jpg: Generated files are not backed up
/js/js_3bYDsNeI9qdDhm_HAizA_yjr62xHJlJhTOIA_Ikis2o.js: Generated files are not backed up
/css/css_XIpRHd9PmBvWomTJE8NUrPfq0OVCISj49G5aDG4Ti9s.css: Generated files are not backed up
/styles/simplecrop/public/rueda-table-min.jpg: Generated files are not backed up
/styles/simplecrop/public/event22_1.jpg: Generated files are not backed up
/styles/simplecrop/public/Castile-Leon-Tierra-de-Le¿«n-DO.jpg: Generated files are not backed up
/js/js_T0-UPEo__1VsGkyAW98LmP_t1YkU4t6jkrLreiIdKSc.js: Generated files are not backed up
/css/css_4VXMCvpXPHbuItueREtKVe3ncACjn6aBgOsmN3krGEw.css: Generated files are not backed up
/styles/simplecrop/public/DO-BULLAS.jpg: Generated files are not backed up
/js/js_Kq2P81Aovi34Wv77NAc33xgC5TRpWWVuZ-fl8YMARzU.js: Generated files are not backed up
/css/css_ZXQg6FgImn5kO6I3QU9Il7mq9-oFATshl0acnDai5cA.css: Generated files are not backed up
/js/js_FQDPHEsijLNwxT5QOpH6AoTbK5SazsWu0wc1cd2HV1g.js: Generated files are not backed up
/js/js_4i-r7tJc_nmtKcPQgIwxp5WHHi6GkiZJUzu6TO47P5E.js: Generated files are not backed up
/styles/simplecrop/public/calatayud-bigimage.jpg: Generated files are not backed up
/js/js_tN-ibhOBcETbv1W0ICTsi2hGkLix9hbS6CZNRbiOlRw.js: Generated files are not backed up
/styles/thumbnail_simplecrop/public/modules/image/sample.png: Generated files are not backed up
/css/css_50qHVL50JEUXC9eeENH8FFTQJvO9Dlk15J838wq-_sI.css: Generated files are not backed up
/styles/simplecrop/public/almansa-table-min.jpg: Generated files are not backed up
/styles/simplecrop/public/arlanza-big-image2.jpg: Generated files are not backed up
/js/js_QrLgp-uqn5hx1tlKMPaG-ezmwMDDBiPSCNHN9oFM7w4.js: Generated files are not backed up
/styles/simplecrop/public/gran-canaria-bigimage-min.jpg: Generated files are not backed up
/styles/298x219_simplecrop/public/youku-thumbnail_4.jpg: Generated files are not backed up
/js/js_8GoWTG1HZSqc2-wwB14QCgrtQmP1PSsIVGMGCcvGBPw.js: Generated files are not backed up
/styles/945x350_simplecrop/public/img-learn@2x_0.jpg: Generated files are not backed up
/js/js_ii1X27PF5x911DwVuQiCx_49wg8DNM_R3td2JIIMi7M.js: Generated files are not backed up
/css/css_hrndXzCGwbc1ebcqS6VsaostB9TBVjSIyi3k-7obBnk.css: Generated files are not backed up
/js/js_ZhqcSvXIKdxM-tpIb2iufIuUfaljDo7GcQv0ENjJYYI.js: Generated files are not backed up
/css/css_sLPuO87ursNaMEY47DS8fbZbRSOI54ovtebFUG7lBEc.css: Generated files are not backed up
/styles/simplecrop/public/ribeira-sacra-logo-min.png: Generated files are not backed up
/css/css_EPsgvacVXxxhwhLr4DGj8P1D4es4L_QnnRJPHn_TJHE.css: Generated files are not backed up
/js/js_FJ6oAyMEbt0lzOKx2Sq-VJvr274W7Hk4Pl0PSfXqeCc.js: Generated files are not backed up
/styles/simplecrop/public/DO-YCODEN---DAUTE---ISORA.jpg: Generated files are not backed up
/js/js_5bkWFwiR6iXxwdDUKUYODsTQigufmnWg_zG5r1siPvg.js: Generated files are not backed up
/styles/simplecrop/public/guimar-bigimage-min.jpg: Generated files are not backed up
/styles/simplecrop/public/mondejar-bigimage-min.jpg: Generated files are not backed up
/styles/simplecrop/public/Cluster of grapes Malvasia de Sitges variety - Copy_0.jpg: Generated files are not backed up
/styles/simplecrop/public/Castile-La-Mancha-Almansa-DO.jpg: Generated files are not backed up
/js/js_gerUHPBf9cTVRoC5eKeZDj2Z1-1981U7VeN6A_MW5Jg.js: Generated files are not backed up
/js/js_e300PHI9ObZgzYpOIB-rswjZ0da-gvY0-qZNIL-_XHo.js: Generated files are not backed up
/js/js_NdCMh4qGgn1aSRr1OUL-o_BE5f6BnJ36KwOM_AdbDF8.js: Generated files are not backed up
/styles/simplecrop/public/ucles-logo-min.png: Generated files are not backed up
/styles/simplecrop/public/20POUR_SPAN-jumbo_1.jpg: Generated files are not backed up
/styles/simplecrop/public/conca-logo-min.png: Generated files are not backed up
/css/css_ctvErdwhLVNqrAaQ1vQRyfQBN8W2F_for-269KZAR8g.css: Generated files are not backed up
/js/js_UQZc6IPOa-lxdNdGS-8c3G2f4LrJ8cchOf7UU7-8HDc.js: Generated files are not backed up
/css/css_g5F6mXM7ANwXbfkOPKKx-4zCD5V13FcAsa4DJ-6y3Js.css: Generated files are not backed up
/js/js_g5m3KH15Z_57q2goHsLqd_UOPofBIE99knGlS211X0I.js: Generated files are not backed up
/css/css_3zAl7e_ZN1EeD10D_lZr84wPqNs4u9dm7DuIbIGJiTs.css: Generated files are not backed up
/styles/simplecrop/public/doug-kelley-743653-unsplash-min_1.jpg: Generated files are not backed up
/css/css_6fnOiK70i1tQy441XnHE6HaC0kMXMb5gTINCLrrNH5M.css: Generated files are not backed up
/css/css_FvhW7oRUPW6PYL0Mg6S2Vb2ymPJD2nQcSrL9QBxhv0o.css: Generated files are not backed up
/js/js_Po_LTa7Hua4luf_1yHBxZg4uaGLbKndcWhsM-B1VIXk.js: Generated files are not backed up
/styles/simplecrop/public/gomera-table-min.jpg: Generated files are not backed up
/styles/simplecrop/public/tierra-leon-table-min.jpg: Generated files are not backed up
/js/js_Q9FHB8e453-j9fr_hxByXidhPhY84yAh-PXnWD428m4.js: Generated files are not backed up
/styles/simplecrop/public/almansa-bigimage-min.jpg: Generated files are not backed up
/styles/simplecrop/public/catalunya-logo-min.png: Generated files are not backed up
/css/css_fag89-XMNamPlyXIHQ0ZMwp_amNo-3BxsLte86MX7Cs.css: Generated files are not backed up
/styles/simplecrop/public/img-education@2x_1.jpg: Generated files are not backed up
/styles/simplecrop/public/DO-ALICANTE.jpg: Generated files are not backed up
/js/js_aAlGj0C4DI7o_m9IO_M_DJP1CK2P4W9TmeC9iZ9SSKQ.js: Generated files are not backed up
/styles/simplecrop/public/Balearic--Islands-Binissalem-Mallorca-DO.jpg: Generated files are not backed up
/styles/298x219_simplecrop/public/youku-thumbnail_14.jpg: Generated files are not backed up
/js/js_Z0ZwPO4LaYtiMp3pRnuHP4N1nRm8AWuUMimkXQ3CoWo.js: Generated files are not backed up
/js/js_1-uif3t5tAQlulgwaHGJjrIdi2qTN8Cevl0gPFH5IJI.js: Generated files are not backed up
/styles/simplecrop/public/DOCa.-PRIORAT.jpg: Generated files are not backed up
/styles/simplecrop/public/rioja-bigimage.png: Generated files are not backed up
/styles/simplecrop/public/DO-LA-MANCHA.jpg: Generated files are not backed up
/css/css_yiPJGI5GNOieHYooDFkZhqdMN69A2DkVElgh3LiOwj8.css: Generated files are not backed up
/css/css_-NY2t8qPaoOSV4KPkGaEXVRrQKOOF44Gm3s8iPEjbvc.css: Generated files are not backed up
/js/js_6VER6tOGaFI4DoDWyzKM_VksqYQ9WbvHejagIAoljoA.js: Generated files are not backed up
/styles/simplecrop/public/vadeorras-bigimage-min.jpg: Generated files are not backed up
/css/css_jEJi6achgocQZiee7xyKEnHbY5j1YoAtAuKqgl8Hj0U.css: Generated files are not backed up
/styles/simplecrop/public/condado-table-min.jpg: Generated files are not backed up
/styles/simplecrop/public/gomera-logo-min.png: Generated files are not backed up
/css/css_mMb32eWtVDbIESxavoBUwCfHICsmxpMaUvGwqQnIqzc.css: Generated files are not backed up
/js/js_TCKNU33W2_WUjGIRKxYZ7-p6bxn9Yi8N0HSyH0bj29E.js: Generated files are not backed up
/css/css_WqnCQ1CbE_BiL5-PMrpVdCL7tyW00J9-aqhpDIQeI_o.css: Generated files are not backed up
/js/js_L28VgbYfNEL19Ci35APyAyPfOMM79yh7Kfnb5A9741w.js: Generated files are not backed up
/js/js_cosiRA2I8gGvG6xutIHbSRPPvI94B6VSXlROB3gO-B0.js: Generated files are not backed up
/js/js_MwGr4zm8nme2z5imtDSzApNmnxAS2mtoW0ObZAmKJ5M.js: Generated files are not backed up
/styles/simplecrop/public/lanzarote-bigimage-min.jpg: Generated files are not backed up
/styles/simplecrop/public/valdepenas-logo-min.png: Generated files are not backed up
/styles/simplecrop/public/gran-canaria-table-min.jpg: Generated files are not backed up
/styles/simplecrop/public/Catalonia-Catalunya-DO.jpg: Generated files are not backed up
/css/css_mBZSQk1nETcnucugE81jFLx7xazOUKZ5c7iiE0jg1HM.css: Generated files are not backed up
/js/js_hPGONfEj8j1MHOHoFqGokfvG9x6zTdAVnUsjtTRR2Qg.js: Generated files are not backed up
/css/css_pcOHB31JIeoABfex4-ul3Vwc2aPJaNUlO6WTT_9hh6I.css: Generated files are not backed up
/styles/945x350_simplecrop/public/daniel-vogel-703345-unsplash-min-min.jpg: Generated files are not backed up
/css/css_JbSNLF4cNSA-iTz-Ur1mhboUF9PZ9PN-b4LndkWrxzM.css: Generated files are not backed up
/styles/simplecrop/public/ribeiro-bigimage-min.jpg: Generated files are not backed up
/styles/simplecrop/public/manchuela2_0.jpg: Generated files are not backed up
/js/js_HFgJtSf5PwSZXLK1VZHfBXxK9pvmWddIb6qT2sswEgc.js: Generated files are not backed up
/styles/simplecrop/public/binissalem-bigimage-min.jpg: Generated files are not backed up
/styles/simplecrop/public/img-education@2x_0.jpg: Generated files are not backed up
/styles/simplecrop/public/Galicia-Ribeira-Sacra-DO.jpg: Generated files are not backed up
/styles/simplecrop/public/Catalonia-Costers-del-Segre-DO.jpg: Generated files are not backed up
/styles/simplecrop/public/guimar-table-min.jpg: Generated files are not backed up
/css/css_AlCvGLuUNBpkIlaZWkdeUC_sEWxsJM5qKPFvbnVoJvQ.css: Generated files are not backed up
/css/css_EfP5m5Wj3D2qkUZEnJnaNZ0JCgdDQShXfvN5D8__dHQ.css: Generated files are not backed up
/styles/simplecrop/public/terrealta-bigimage-min.jpg: Generated files are not backed up
/js/js_9NsvVhOoSqOj4sTwli4bktPQMmqc-hduwoXn1wT6WOo.js: Generated files are not backed up
/js/js_kAnfrMdieT-nOt5GTIaph3fc6yQPopV1z1GWWZyKWyQ.js: Generated files are not backed up
/css/css_cXpONU4TTejINu3Pyc52zjOr6_wRiwJOOBhTZzZkOHg.css: Generated files are not backed up
/styles/simplecrop/public/pla-bigimage-min_0.jpg: Generated files are not backed up
/css/css_-_p_mhVoQXje6tlfvaMpBK9juJMQXlsNw6YURkmVh_E.css: Generated files are not backed up
/js/js_3AOsNdhurx5YC13oY3CVoXZ3ENf0Ji7WG99QJ-Gxm4M.js: Generated files are not backed up
/styles/simplecrop/public/DO-LANZAROTE.jpg: Generated files are not backed up
/css/css_R9jpDL2OF2NSfNE9tQN3V-nMPnMmB8cHg-czrgKtjwY.css: Generated files are not backed up
/styles/simplecrop/public/photo-1498429152472-9a433d9ddf3b-min.jpg: Generated files are not backed up
/css/css_zlZBQ0IVrN0GoLfyDda8l5enYgUZPc9UA6jGcJi5SXw.css: Generated files are not backed up
/styles/simplecrop/public/orotava-bigimage-min.jpg: Generated files are not backed up
/styles/simplecrop/public/tacoronte-table-min.jpg: Generated files are not backed up
/css/css_83Ekf3PRV7zdm5sp9A9ys5Wms_9TpEPj2d2weHwIu04.css: Generated files are not backed up
/css/css_EvcOObb2XgNNW-QtTY-FYLnLBTI33PogjpCy-L48bc8.css: Generated files are not backed up
/styles/simplecrop/public/Catalonia-Alella-DO.jpg: Generated files are not backed up
/js/js_1XTvlivMf7LhAQc_a5kc11tXfkgg_glWxLTNbt65ZGc.js: Generated files are not backed up
/css/css_KcjWsYN7UQuQifzXdKLZB9OWIH-bjiCB3ne5blUhhsc.css: Generated files are not backed up
/styles/simplecrop/public/abona-logo-min.png: Generated files are not backed up
/styles/simplecrop/public/Valencian-Community-Alicante-DO.jpg: Generated files are not backed up
/styles/simplecrop/public/hm-the-meseta.png: Generated files are not backed up
/js/js_m_tmjE_1FZltjFHFUJ93eoG75ba1oIz0NhBC-364KXY.js: Generated files are not backed up
/js/js_F9mIGr30m4jH0a6tWSJkuX9ZC0Sa6m-F9Ai49vhgb3E.js: Generated files are not backed up
/css/css_-7-Vd7SArdZS0qJ_7PiWyr_z_gYmNgd2Yrp_Nx5idgk.css: Generated files are not backed up
/js/js_YQFlOtNjjith8b6ucsg-gPGKBozsInQnaPyCqP8ewZU.js: Generated files are not backed up
/styles/simplecrop/public/event1-min_1.jpg: Generated files are not backed up
/styles/simplecrop/public/DO-TARRAGONA.jpg: Generated files are not backed up
/styles/simplecrop/public/20POUR_SPAN-jumbo_4.jpg: Generated files are not backed up
/styles/simplecrop/public/DO-ISLAS-CANARIAS.jpg: Generated files are not backed up
/styles/simplecrop/public/404-desktop-bg@2x.jpg: Generated files are not backed up
/styles/simplecrop/public/campo-borja-logo.png: Generated files are not backed up
/styles/simplecrop/public/bullas-logo-min.png: Generated files are not backed up
/styles/simplecrop/public/DO-ARRIBES.jpg: Generated files are not backed up
/styles/simplecrop/public/pla-bigimage-min.jpg: Generated files are not backed up
/styles/simplecrop/public/manchuela-bigimage-min.jpg: Generated files are not backed up
/js/js_y5BbfD_jil3PiIxjbMX2Wsu1t1Eodhysz1UmUGvS1Zg.js: Generated files are not backed up
/styles/simplecrop/public/mondejar2.jpg: Generated files are not backed up
/styles/simplecrop/public/DO-MÉNTRIDA.jpg: Generated files are not backed up
/styles/simplecrop/public/rias-bigimage-min.jpg: Generated files are not backed up
/styles/simplecrop/public/getaria1.jpg: Generated files are not backed up
/js/js_6b8yddI7Hip8LESWCBTFhxNMJileEPslEVqeUp_433s.js: Generated files are not backed up
/js/js_k5cZx2K-1ica_TIwgu-_DNoCLtrviHCxOs8vd3ea3f0.js: Generated files are not backed up
/styles/simplecrop/public/somontano-bigimage.jpg: Generated files are not backed up
/styles/simplecrop/public/bierzo-min.jpg: Generated files are not backed up
/styles/simplecrop/public/Castile-Leon-Ribera-del-Duero-DO.jpg: Generated files are not backed up
/styles/simplecrop/public/madrid-logo-min.png: Generated files are not backed up
/js/js_m2b2BdQg5gSmuRmlejshdPwL_WdyYbruZGsm9LO94cM.js: Generated files are not backed up
/styles/simplecrop/public/arribes.png: Generated files are not backed up
/styles/298x219_simplecrop/public/youku-thumbnail_18.jpg: Generated files are not backed up
/styles/298x219_simplecrop/public/youku-thumbnail_13.jpg: Generated files are not backed up
/css/css_ueXehgfj8-HIOwXQv1Vb_TJwvH0X6lM9wEIbxGM8Fp4.css: Generated files are not backed up
/js/js_kcvMrKLjOvwlp4_cXF-hIvyQGp4weBVCJHatDGID3Mk.js: Generated files are not backed up
/styles/simplecrop/public/ribera-bigimage-min.jpg: Generated files are not backed up
/js/js_14os3LuS4i7acHWJ8W5_3ZbMtNnnearkaqLa8639o9o.js: Generated files are not backed up
/js/js_cU_CV3-MbzxFSHklVS3WkJkdvREiAjnvRAYMA7sSifA.js: Generated files are not backed up
/css/css_hI3pvAcW0YhNZBWhqEWHFFsBuR1EAD967LxMUpmF0h0.css: Generated files are not backed up
/styles/simplecrop/public/cava-table-min.jpg: Generated files are not backed up
/styles/simplecrop/public/getaria2.jpg: Generated files are not backed up
/styles/simplecrop/public/DO-COSTERS-DEL-SEGRE.jpg: Generated files are not backed up
/css/css_lnQQWgJ0UyoSwlAabXXyt_BKd1IyEeAeZaj4zxyuz3Y.css: Generated files are not backed up
/styles/simplecrop/public/DO-CATALUNYA.jpg: Generated files are not backed up
/styles/simplecrop/public/Canary-Islands-Valle-de-Güímar-DO.jpg: Generated files are not backed up
/styles/simplecrop/public/DO-MONDÉJAR.jpg: Generated files are not backed up
/js/js_BhhLEZWDpOZGfugPA2kDXh3iKp-BlRCtxrCGU78QIhg.js: Generated files are not backed up
/styles/simplecrop/public/DO-NAVARRA.jpg: Generated files are not backed up
/styles/simplecrop/public/pla-table-min_0.jpg: Generated files are not backed up
/css/css_tBhEOlUVDt0QYkZY44iDpZB1ddkkl6jAthDYz8fZhu0.css: Generated files are not backed up
/css/css_ftw_dGVD5VK-_kaDz6OZrRDacLc6lTqeGxjKqmGRiak.css: Generated files are not backed up
/styles/simplecrop/public/yecla-table-min.jpg: Generated files are not backed up
/js/js_pgbfm7_zy7XOmNcBbB7vvMNGdME0Ebm-kaIF1bYeHpY.js: Generated files are not backed up
/styles/simplecrop/public/DO-LA-GOMERA.jpg: Generated files are not backed up
/css/css_HyKp3eAMC78rppmjcFX1SozcZALhAWjQmdL_tSgwwyA.css: Generated files are not backed up
/js/js_lFSPISWOt71n9FPJq_hodPkxE9UTfzdbRhPtXUy8NnE.js: Generated files are not backed up
/styles/thumbnail/public/modules/image/sample.png: Generated files are not backed up
/styles/simplecrop/public/vizcaya-logo.png: Generated files are not backed up
/styles/simplecrop/public/reuben-teo-1251290-unsplash-min_0.jpg: Generated files are not backed up
/styles/simplecrop/public/emporda-logo-min.png: Generated files are not backed up
/styles/simplecrop/public/ribeiro-table-min.jpg: Generated files are not backed up
/js/js_fMHEI5pXckDBpD0yAZnjs-eeocBZsZRcTUfo_TD3MK0.js: Generated files are not backed up
/styles/simplecrop/public/Aragón-Campo-de-Borja-DO.jpg: Generated files are not backed up
/css/css_hyEX6VeKjnFoto1dhcZbLtICDFapQEb1a9yDUfLsVIw.css: Generated files are not backed up
/styles/simplecrop/public/mentrida-table-min.jpg: Generated files are not backed up
/js/js_inE-wrU65HQHBJG9w4EmqXnKB7hujW820VEZJjO-Sgw.js: Generated files are not backed up
/styles/simplecrop/public/montilla.png: Generated files are not backed up
/js/js_mp_LPmeAPy2PP84ZCx00iu-RsBfqtOJc9KFuHMqJ8Hk.js: Generated files are not backed up
/css/css_lpNT70krm9uIgEBZNoWa8SOC0uA-dg5vTbwAXDeRT4Q.css: Generated files are not backed up
/styles/simplecrop/public/biljana-martinic-1311746-unsplash-min-min.jpg: Generated files are not backed up
/styles/simplecrop/public/lanzarote-table-min.jpg: Generated files are not backed up
/css/css_nUtv3h8314njv85kUr85CklFIP_LfQmvQ5FT-DfraIk.css: Generated files are not backed up
/styles/simplecrop/public/DO-MONTILLA---MORILES.jpg: Generated files are not backed up
/styles/simplecrop/public/Castile-Leon-Cigales-DO.jpg: Generated files are not backed up
/js/js_MRt7kiuGmhuCD_rdAmoh77vyQs_FOP40dyk6vs6M_l0.js: Generated files are not backed up
/styles/simplecrop/public/event1-min_0.jpg: Generated files are not backed up
/styles/simplecrop/public/rioja-logo.png: Generated files are not backed up
/styles/simplecrop/public/Catalonia-Terra-Alta-DO.jpg: Generated files are not backed up
/styles/simplecrop/public/jerez-table-min.jpg: Generated files are not backed up
/styles/simplecrop/public/carinena-logo.png: Generated files are not backed up
/js/js_ml5bnTThj2j_ImndyXCHAzQnimzfLnwzGeqJyREhQ18.js: Generated files are not backed up
/styles/simplecrop/public/islas-logo-min.png: Generated files are not backed up
/styles/simplecrop/public/banner@2x_7.jpg: Generated files are not backed up
/styles/simplecrop/public/madrid2.jpg: Generated files are not backed up
/js/js_emY2pNJALkglwmRERTzd_kzS3UFj091KUDqLR6riG-Y.js: Generated files are not backed up
/js/js_7wSVAAJzNSNjMENqcbE--sAfodl7PkZkx5Q1xDseZCk.js: Generated files are not backed up
/js/js_fqbGPTEUxqlyS9BUcWon7SQJJBdOWL7vHS9n5Op0OnI.js: Generated files are not backed up
/js/js_OU0tlfWzMf3M6NOg2a0eoIhAQ_Z0f_zbecjITDDa1Ng.js: Generated files are not backed up
/styles/simplecrop/public/ribera-del-guadiana2.jpg: Generated files are not backed up
/js/js_sOZeaKLNUqFSwC-mTC9VKFIjTh5JAs6QyJmpG7a7fAY.js: Generated files are not backed up
/js/js_yqb6bKYwjwHhdM2jV-dpYt47HawEI_TYj1N2R88OLc4.js: Generated files are not backed up
/js/js_5mM4FLcdbO4yfMwNTWzbGTLF0u3gQj_oA9IXHpBXl_4.js: Generated files are not backed up
/styles/298x219_simplecrop/public/youku-thumbnail_17.jpg: Generated files are not backed up
/styles/simplecrop/public/rias-logo-min.png: Generated files are not backed up
/js/js_klinSUzxnDnA3zHpXo2oQ18ZIcDHurCbjRK_ntUBz7g.js: Generated files are not backed up
/styles/simplecrop/public/bullas-table-min.jpg: Generated files are not backed up
/js/js_Bd_4g-HlTU5sOuUh0SwjlEBuzGqXix9TxLUSd7JiShs.js: Generated files are not backed up
/styles/simplecrop/public/modules/image/sample.png: Generated files are not backed up
/styles/simplecrop/public/Illustration-FWFS-CN-min.jpg: Generated files are not backed up
/styles/simplecrop/public/daniel-vogel-1248708-unsplash-min.jpg: Generated files are not backed up
/styles/simplecrop/public/hierro-logo-min.png: Generated files are not backed up
/js/js_KCd8rbJYUruV1tRJnh4um34UYvyhlrSVCPR1jNko2h8.js: Generated files are not backed up
/styles/simplecrop/public/getaria-bigimage.png: Generated files are not backed up
/styles/simplecrop/public/Canary-Islands-Gran-Canaria-DO.jpg: Generated files are not backed up
/css/css_p72GhhoLT1Q6tgbToKgfOsAqEdxhuHr99Nl7Q1zxeEo.css: Generated files are not backed up
/styles/simplecrop/public/alella-bigimage-min.jpg: Generated files are not backed up
/js/js_RiQcXxD9TLQS4nniMfxZDMJTiue6fz7G_y3Y3ElcUOI.js: Generated files are not backed up
/js/js_J8DExgYNSj5CJ8RCN-LAIen7KQR04f7dh1bVgJIkH7c.js: Generated files are not backed up
/css/css_1TX0wCg0HKjS6_P_EnI-CHRJ_ttc79ezuy0Nb1Cf-O0.css: Generated files are not backed up
/styles/simplecrop/public/vizcaya1.jpg: Generated files are not backed up
/js/js_kwEqSKgtHd92XsI_s6eHSQUBziEU1rODH2OUwomkNFM.js: Generated files are not backed up
/styles/simplecrop/public/img-news@2x.jpg: Generated files are not backed up
/styles/simplecrop/public/cigales-table-min.jpg: Generated files are not backed up
/js/js_2b8de9XnG9a-oyPE3Kcg5WW7XAQuR9uagS7zdFcHo-4.js: Generated files are not backed up
/styles/simplecrop/public/alella-logo-min.png: Generated files are not backed up
/styles/simplecrop/public/yecla-bigimage-min.jpg: Generated files are not backed up
/styles/simplecrop/public/bullas-bigimage-min.jpg: Generated files are not backed up
/styles/simplecrop/public/DO-VALLE-DE-LA-OROTAVA.jpg: Generated files are not backed up
/js/js_Gq0Dn6QE6Ackc4vafLvy8a2hjw6m1dzm8nz_hcBqCEM.js: Generated files are not backed up
/css/css_1WvqxIqKb9P2w37IiS137xgnVflNSAXwfjyd-5jjAl8.css: Generated files are not backed up
/styles/simplecrop/public/ribera-table-min_0.jpg: Generated files are not backed up
/styles/simplecrop/public/hierro-table-min.jpg: Generated files are not backed up
/styles/simplecrop/public/tarragona-logo-min.png: Generated files are not backed up
/js/js_BSu5DHmqR6E8INO5rmKRTho9pYDwCCBlz7lj0dOgn5w.js: Generated files are not backed up
/styles/simplecrop/public/ribeiro-logo-min.png: Generated files are not backed up
/styles/simplecrop/public/costers-bigimage-min.jpg: Generated files are not backed up
/styles/simplecrop/public/lanzarote-logo-min.png: Generated files are not backed up
/styles/simplecrop/public/Bunch of Moscatel grapes - Copy_0.jpg: Generated files are not backed up
/js/js_Ka5yXRfqu5ic8aDcIt29CGX_1PH2sV2QP94k0mWbFn8.js: Generated files are not backed up
/js/js_4naD5EM4nw91MRvjq2s1aPFlPFplAfX8crBPyu91bMQ.js: Generated files are not backed up
/css/css_UXidvRXbHJAqe1hK2d1gtZ7JnuUE5MFeEryh5EfDuTs.css: Generated files are not backed up
/styles/simplecrop/public/banner@2x-min.jpg: Generated files are not backed up
/css/css_mxxfao0LirTTpYx4LWvvSWR9_t3QnRSM3oefa6y2r1Y.css: Generated files are not backed up
/js/js_seV14Ha40xSnqKQ_FckCcd3MTvZ2ekwg5vK0xZev0-g.js: Generated files are not backed up
/styles/simplecrop/public/img2019811062.jpg: Generated files are not backed up
/js/js_L9UUxlZTy9sSmivX-rSRSphuLbSaUojpl4HWV-oijtQ.js: Generated files are not backed up
/css/css_V_k2H7kP13JXVpXjtiI2N8H9kW42PZGyMGn6RgMvyrQ.css: Generated files are not backed up
/styles/simplecrop/public/rias-table-min.jpg: Generated files are not backed up
/css/css_ADh4AQFBovrdJZ8KMgnjYSyRDolLzqJ0L4fWUa9yFzY.css: Generated files are not backed up
/styles/simplecrop/public/banner@2x_1.jpg: Generated files are not backed up
/styles/simplecrop/public/tacoronte-bigimage-min.jpg: Generated files are not backed up
/css/css_Q3r6DFmNbOZmUixByBtJbpBSGao-W5Zx88Had0WrVzw.css: Generated files are not backed up
/css/css_PLXsUJS11HOCHOUEZehqGQCAFyHvA5zb2tDJU4gysR0.css: Generated files are not backed up
/styles/298x219_simplecrop/public/youku-thumbnail_12.jpg: Generated files are not backed up
/styles/simplecrop/public/Catalonia-Cava-DO.jpg: Generated files are not backed up
/styles/simplecrop/public/DO-RÍAS-BAIXAS.jpg: Generated files are not backed up
/js/js_oy1p03e-wYMtGWyj7vIo9EPpWVcp2hR3F7Glb7AMtYQ.js: Generated files are not backed up
/styles/simplecrop/public/Cluster of grapes Albarino variety - Copy_0.jpg: Generated files are not backed up
/styles/simplecrop/public/tarragona-bigimage-min.jpg: Generated files are not backed up
/styles/simplecrop/public/alicante-bigimage-min.jpg: Generated files are not backed up
/js/js_VhzmGH8K1SJaVQk1_mkiKzcaRBQsdAeTtE6VlmR6SMk.js: Generated files are not backed up
/js/js_hclNcAc30AoC9H24-R1N2K00luqawAOtIV9aJS4py88.js: Generated files are not backed up
/styles/simplecrop/public/DO RUEDA.jpg: Generated files are not backed up
/styles/298x219_simplecrop/public/youku-thumbnail_11.jpg: Generated files are not backed up
/styles/simplecrop/public/Valencian-Community-Valencia-DO.jpg: Generated files are not backed up
/js/js_CCNS2Iwz1-I0XaBgA1lVPA5OsC_pFm-sunJJkui0fb4.js: Generated files are not backed up
/styles/simplecrop/public/img-news@2x_25.jpg: Generated files are not backed up
/js/js_aCUcususLBaW4uZKWKxIEyhm97peg7mSDd-IVqkeomQ.js: Generated files are not backed up
/js/js_cbe62x4SpI7J_EC5AcZmFXbA16E9r96GdVzU1rv2Gxo.js: Generated files are not backed up
/styles/simplecrop/public/catalunya-bigimage-min.jpg: Generated files are not backed up
/js/js_tq6WKehT6ssvFDwwN6HJtHqk1bfPAeJBV44u9afczPM.js: Generated files are not backed up
/css/css_6p5TClriNlQsZeuW_rSR1njQ9t4NBqRuDCOiZ4EWYDA.css: Generated files are not backed up
/styles/simplecrop/public/alava2.jpg: Generated files are not backed up
/styles/simplecrop/public/DO-JUMILLA.jpg: Generated files are not backed up
/styles/simplecrop/public/banner@2x-min_2.jpg: Generated files are not backed up
/styles/540x350_simplecrop/public/img-education@2x.jpg: Generated files are not backed up
/styles/simplecrop/public/Galicia-Rías-Baixas-DO.jpg: Generated files are not backed up
/css/css_G1rjqmppo4NXs1PZZaWzb8-WbvIsaEZw7oocT6FsLe8.css: Generated files are not backed up
/js/js_-NvBzx57L4WqmBCaKqnjwKndT9TWGLJ4g2GzSe4HrCk.js: Generated files are not backed up
/styles/simplecrop/public/abona-table-min.jpg: Generated files are not backed up
/styles/simplecrop/public/DO-JEREZ---XÉRÈS---SHERRY.jpg: Generated files are not backed up
/styles/simplecrop/public/alella-table-min.jpg: Generated files are not backed up
/styles/simplecrop/public/Castile-Leon-Bierzo-DO_0.jpg: Generated files are not backed up
/js/js_4ADP6bAF7i2DYRoW9Yf3nY_X3PbHcRTgQl_RLujB478.js: Generated files are not backed up
/styles/simplecrop/public/priorat-logo-min.png: Generated files are not backed up
/styles/simplecrop/public/cigales-logo.png: Generated files are not backed up
/css/css_1Q9DEu4KR7T-6OUxR4jcHKQM4tozud1lzVPVmZRDSig.css: Generated files are not backed up
/styles/simplecrop/public/DO-EL-HIERRO.jpg: Generated files are not backed up
/js/js_XTQYljAyBqro2XkL98N8X81_H4WjT8QieEY_dwmUA8U.js: Generated files are not backed up
/styles/simplecrop/public/Murcia-Jumilla-DO.jpg: Generated files are not backed up
/styles/simplecrop/public/Canary-Islands-Abona-DO.jpg: Generated files are not backed up
/css/css_Xt8Pf4NfsRX6FszkRTAdNWUYtqQVgJPUbaKLrx7uwNc.css: Generated files are not backed up
/js/js_HMUOi04Rm_45gB4cN6eurT6Qo-jx4DFfynLDR3x2vE4.js: Generated files are not backed up
/styles/simplecrop/public/toro-table.jpg: Generated files are not backed up
/styles/simplecrop/public/DO-CONDADO-DE-HUELVA.jpg: Generated files are not backed up
/styles/simplecrop/public/20POUR_SPAN-jumbo_2.jpg: Generated files are not backed up
/js/js_F9Bz4d_dJIhHGKGe0W6TnABp0_MYodUEzbqvWqh9z2Y.js: Generated files are not backed up
/js/js_vPy3JjROo7jNyDUZ4LTr30aVqMe8Nhb4ES2c8J15MFo.js: Generated files are not backed up
/css/css_jENQOQqZCRFGZK__DTefxYiXR2RUf03k1ugj3_Vg7vk.css: Generated files are not backed up
/styles/simplecrop/public/mondejar-logo-min.png: Generated files are not backed up
/styles/simplecrop/public/montsant-logo-min.png: Generated files are not backed up
/styles/simplecrop/public/mondejar-table-min.jpg: Generated files are not backed up
/styles/simplecrop/public/Castile-Leon-Rueda-DO.jpg: Generated files are not backed up
/styles/logo_simplecrop/public/logo-white@2x_0.png: Generated files are not backed up
/js/js_NwE63x_ntP7MyhUhgMSDD6TNC0nSzPpdpZbTbNaDVDw.js: Generated files are not backed up
/js/js_u6L5qbCxkXNS1eA2aB-zWKUEvEpR5OXlTjVJD8PyaRI.js: Generated files are not backed up
/styles/simplecrop/public/Catalonia-Conca-de-Barberá-DO.jpg: Generated files are not backed up
/css/css_Jn6Tn1YgTYZBr4qO9sZUGpNpsqB9VTPssmjv5j_9sG0.css: Generated files are not backed up
/styles/simplecrop/public/DO-CAVA.jpg: Generated files are not backed up
/styles/simplecrop/public/ribeira-sacra-table-min.jpg: Generated files are not backed up
/js/js__ZmjUbHpJ38Zqc914NE_xoRAz_P6CcHps_AE7-NQQeA.js: Generated files are not backed up
/styles/simplecrop/public/penedes-table-min.jpg: Generated files are not backed up
/styles/simplecrop/public/Cluster of grapes Godello variety - Copy_0.jpg: Generated files are not backed up
/styles/298x219_simplecrop/public/youku-thumbnail_2.jpg: Generated files are not backed up
/styles/simplecrop/public/arribes-table-min.jpg: Generated files are not backed up
/js/js_hGIuES6B8zayi6_gMOMC8UHZfOmjkYKmquO9xJlb0IE.js: Generated files are not backed up
/styles/footer_image/public/logo-icex@2x_0.jpg: Generated files are not backed up
/styles/simplecrop/public/montilla-bigimage-min.jpg: Generated files are not backed up
/styles/simplecrop/public/costers-table-min.jpg: Generated files are not backed up
/styles/simplecrop/public/hm-ebro-river-valley.png: Generated files are not backed up
/styles/simplecrop/public/rioja-table.jpg: Generated files are not backed up
/styles/simplecrop/public/montsant-table-min.jpg: Generated files are not backed up
/js/js_a_XWH2S1EQaU85ypMDyQGiUfzPFez1IOZKxHnhGkv3E.js: Generated files are not backed up
/styles/simplecrop/public/Cluster of grapes Mencia variety - Copy_0.jpg: Generated files are not backed up
/js/js__2olBqvqT3UkrfDwJhKd_y4DVOVKhvyOjqQIgAR_LZs.js: Generated files are not backed up
/styles/simplecrop/public/Murcia-Bullas-DO.jpg: Generated files are not backed up
/styles/simplecrop/public/hm-andalucia.png: Generated files are not backed up
/styles/footer_image/public/logo-icex@2x.jpg: Generated files are not backed up
/css/css_welppHfxN20CeimTaxac8RSovTUbbSEeAvqqhMig2JQ.css: Generated files are not backed up
/styles/simplecrop/public/DO-CIGALES.jpg: Generated files are not backed up
/styles/simplecrop/public/valdepenas-table-min.jpg: Generated files are not backed up
/styles/simplecrop/public/DO-RIBERA-DEL-DUERO.jpg: Generated files are not backed up
/css/css_Ouw_EiRc4smAcobphIs3B5AsXBZwHelV11mCT0EUJuQ.css: Generated files are not backed up
/styles/simplecrop/public/daniel-vogel-703345-unsplash-min_0.jpg: Generated files are not backed up
/styles/simplecrop/public/somontano-logo.png: Generated files are not backed up
/js/js_nhCj40zsWjx7Ty4ZEPjZcbsgJbAPQ7mmwAqVPVYjUz8.js: Generated files are not backed up
/styles/simplecrop/public/malaga-table-min.jpg: Generated files are not backed up
/css/css_Cuu7DTMnKBD8E1DP6ClyCoqX-ZPLSZKIg0tWJ8krlt8.css: Generated files are not backed up
/styles/simplecrop/public/Cluster of grapes Palomino variety - Copy_0.jpg: Generated files are not backed up
/js/js_Jbvoz4YnnJwG78er4svE6_L1PfCnDHxbcSHLnibMJ4o.js: Generated files are not backed up
/styles/500x530_simplecrop/public/event22_0.jpg: Generated files are not backed up
/js/js_sG01sS_vE0m_6m_7Kot_rJQaAnRMAQef91I5CY14y94.js: Generated files are not backed up
/styles/simplecrop/public/almansa-logo-min.png: Generated files are not backed up
/js/js_YS1aFCFtWoyevb_CLXQInvw9rqRICst--Y7OwiTY3Bs.js: Generated files are not backed up
/styles/simplecrop/public/pla-logo-min_0.png: Generated files are not backed up
/styles/logo_simplecrop/public/Foods and Wines from Spain_RGB-01 - Copy.jpg: Generated files are not backed up
/styles/simplecrop/public/mentrida-logo-min.png: Generated files are not backed up
/css/css_Jg7EanH8NK5V5RhzKk026YmQvoYeomu3jCPbzhot__Y.css: Generated files are not backed up
/css/css_92GgGFSdDHq0HMqlE1qm_6oSB6hlpfkvDyK1GYXr5sg.css: Generated files are not backed up
/css/css_bjL_8AlhY7Y8UjfrWU3LD_lm6soVJcaKrltT-ehN_rk.css: Generated files are not backed up
/css/css_mI45xDiuJ_-6y1-SrIDQpzpJoRPuR-JudG27jAZvFNM.css: Generated files are not backed up
/js/js_VaTlC5jNdxR2e4HzWsuiV1jhDftON6pzITcrr9IQmXA.js: Generated files are not backed up
/styles/simplecrop/public/Catalonia-Plà-de-Bagés-DO.jpg: Generated files are not backed up
/styles/simplecrop/public/ribera-del-guadiana-logo-min.png: Generated files are not backed up
/styles/simplecrop/public/DO-LA-PALMA.jpg: Generated files are not backed up
/styles/simplecrop/public/cigales-min.jpg: Generated files are not backed up
/js/js_ToA0mQ9vhc9vnT2V5NDsmb_sWBxiUK9MoFbhwDy84Wk.js: Generated files are not backed up
/styles/simplecrop/public/ribeira-sacra-bigimage-min.jpg: Generated files are not backed up
/styles/simplecrop/public/DO-ARLANZA.jpg: Generated files are not backed up
/styles/simplecrop/public/camille-minouflet-111751-unsplash-min-min_0.jpg: Generated files are not backed up
/js/js_dkgw3wMXZcpNw2u_YNR2-3mEDM2B5LBNNjItvXAFNqU.js: Generated files are not backed up
/styles/simplecrop/public/binissalem-table-min.jpg: Generated files are not backed up
/styles/simplecrop/public/ucles-bigimage-min.jpg: Generated files are not backed up
/js/js__CEFBSNxOooiGhKZS23LhUveohSpsP-3HQ9VXzRhpSA.js: Generated files are not backed up
/css/css_1_dnGrCtViC15PaKOCpB7dR95Mq90X28KTp8IKWbdLM.css: Generated files are not backed up
/css/css_PaRhxIMONDZahprlJJo08tcEsfYHzGn4ZUSELH9C8qU.css: Generated files are not backed up
/styles/simplecrop/public/Catalonia-Penedés-DO.jpg: Generated files are not backed up
/styles/simplecrop/public/madrid-table-min.jpg: Generated files are not backed up
/styles/simplecrop/public/Discover-the-Wines-from-Spain-1.jpg: Generated files are not backed up
/styles/simplecrop/public/DO-CARIÑENA.jpg: Generated files are not backed up
/css/css_T5FpHa12-tChU448_v_8A7I68gblylToldZd1ubbJRk.css: Generated files are not backed up
/js/js_qHgdPancC66dMOpqF4cQ61wN8lQ7H6xh9bWrFcIgvRE.js: Generated files are not backed up
/styles/simplecrop/public/condado.png: Generated files are not backed up
/js/js_8U81qm-8mxnr0xaNxiGPR80St2Xvm_OAMwj77pJLz2Q.js: Generated files are not backed up
/css/css_XXK1FrZIe2LovW3Vg7I_5nPCq__AK3hBa_xA18eTKkw.css: Generated files are not backed up
/styles/simplecrop/public/DO-RIBEIRA-SACRA.jpg: Generated files are not backed up
/js/js_FAw0B8YrMjeZzHVNW3WvNBjH77LajkixxYKGzn6I41Q.js: Generated files are not backed up
/js/js_eeyk356dsfcPUP1EevYBBR_kUmOgc2jkTyfBuu2qcYs.js: Generated files are not backed up
/js/js_-Spju1CU3zIFu5DoIm2q_yvXoF01Dp1Y7h7kWDZJw-g.js: Generated files are not backed up
/styles/simplecrop/public/Cluster of grapes Bobal variety - Copy_0.jpg: Generated files are not backed up
/js/js_mzT7ChAxNCCdOSaxl3yXEF9mgiy7P7W63OeO3ckkbuA.js: Generated files are not backed up
/css/css_8nWdno3DOC-cDvijiHoNqQ2WDuBz6Np4qTF-jw92En8.css: Generated files are not backed up
/css/css_3S8fZ5ujig5nE8AUh2auXpkHclpe1TgieNc_GzvwYWw.css: Generated files are not backed up
/styles/500x530_simplecrop/public/event-2.jpg: Generated files are not backed up
/js/js_h_vEZB9zgesXrat3BlIlcID4WcEItYvnxV58vwuKwWo.js: Generated files are not backed up
/js/js_h_BcDeZPiWO2-36ieeeVhVIP1BG7mMNrqO6JLe7Wjos.js: Generated files are not backed up
/styles/footer_image/public/Logo Ofecome Shanghai - Copy-min_1_0.png: Generated files are not backed up
/styles/simplecrop/public/DO-VALDEORRAS.jpg: Generated files are not backed up
/js/js_GP0zr57CpbbK1FdGVy7Q7EzG3yP2XjqVSPgIMtKWWYo.js: Generated files are not backed up
/js/js_UmYGmmEeRN6MIw3UErtUpsWEW7MgdJ62YjQtt1rUroE.js: Generated files are not backed up
/styles/thumbnail/public/alava2.jpg: Generated files are not backed up
/styles/simplecrop/public/rueda-logo.png: Generated files are not backed up
/js/js_tQY_Hypz19s_j1bDduPLHSjbsfsT0ZboxNqaUSr8tl4.js: Generated files are not backed up
/css/css_PN8fMbqCuMY9ln8L5TlFSREQC0SubGF05aI-gpGqalc.css: Generated files are not backed up
/styles/simplecrop/public/somontano-table.jpg: Generated files are not backed up
/styles/simplecrop/public/cava-bigimage-min.jpg: Generated files are not backed up
/styles/simplecrop/public/DO-UCLÉS.jpg: Generated files are not backed up
/styles/simplecrop/public/gran-canaria-logo-min.png: Generated files are not backed up
/styles/simplecrop/public/cava-logo-min.png: Generated files are not backed up
/js/js_faNA4Hww_XW20Yw25k0h0D1BWB-xu5rPcsLBhTpQ2Iw.js: Generated files are not backed up
/styles/simplecrop/public/utiel-bigimage-min.jpg: Generated files are not backed up
/styles/simplecrop/public/pla-table-min.jpg: Generated files are not backed up
/css/css_rYF4nvgd6_5Zqe4lt5E-B99VAdgB2nuAlSKEF3VtJcU.css: Generated files are not backed up
/styles/945x350_simplecrop/public/img-learn@2x-min (1).jpg: Generated files are not backed up
/styles/simplecrop/public/utiel-table-min.jpg: Generated files are not backed up
/styles/simplecrop/public/orotava-logo-min.png: Generated files are not backed up
/js/js_nOm2EEC5FX3m8T5E0epUJZC_zYetmnzvVE7bcF7oRDI.js: Generated files are not backed up
/js/js_J8g9CYxbqA01kH6y5TY-u78CcQ0HRP7n6EM1al8Q1p8.js: Generated files are not backed up
/styles/simplecrop/public/Castile-Leon-Arlanza-DO.jpg: Generated files are not backed up
/styles/simplecrop/public/img-big@2x.jpg: Generated files are not backed up
/styles/simplecrop/public/vizcaya2.jpg: Generated files are not backed up
/styles/simplecrop/public/alava-bigimage.png: Generated files are not backed up
/css/css_Xb1ABWPnNYeRU_98t90DMUrdCfTA-_MP_c3mTJePb2s.css: Generated files are not backed up
/css/css_hOL6KwxQK8iGAL0dwyIuGMZT5Gb1i4x7x3fUszn12QI.css: Generated files are not backed up
/styles/simplecrop/public/conca-bigimage-min.jpg: Generated files are not backed up
/styles/simplecrop/public/bierzo-logo.png: Generated files are not backed up
/js/js_b03gaUa10XSH4VDFAbieEE6zjtoPPIDXPfrpjgwHUGg.js: Generated files are not backed up
/styles/simplecrop/public/DO-MONTSANT.jpg: Generated files are not backed up
/css/css_sLgQksNjSkAhs_iSC5bjAIEQE_a-Yqe6NzLbI6TqcQo.css: Generated files are not backed up
/js/js_FGEdit78Q8w1-Zg475qS5HMWFwsLFslFx6iCRWy6gfc.js: Generated files are not backed up
/styles/simplecrop/public/terraalta-table-min.jpg: Generated files are not backed up
/js/js_zVZN0kn4kwz9eKUin9Sio1ZwVNOYaU_bhA5MzWA0coE.js: Generated files are not backed up
/css/css_5JAeXabVEvf6j6zjCpaN-CdJIxaarjphtTQVbwiyadg.css: Generated files are not backed up
/styles/298x219_simplecrop/public/youku-thumbnail_3.jpg: Generated files are not backed up
/styles/simplecrop/public/Catalonia-Empordà-DO.jpg: Generated files are not backed up
/js/js_VN3WFhzOZ29OWFOIXfbdAS__E7X4UbumqmbRFVOhIG4.js: Generated files are not backed up
/styles/simplecrop/public/DO-TACORONTE---ACENTEJO.jpg: Generated files are not backed up
/js/js_Dtt9mvaK9x1VXMM0tCjc4m9DpNEO7WqrnqSBuNZHA1w.js: Generated files are not backed up
/styles/simplecrop/public/palma-table-min.jpg: Generated files are not backed up
/styles/simplecrop/public/daniel-vogel-1248708-unsplash.jpg: Generated files are not backed up
/styles/298x219_simplecrop/public/youku-thumbnail_16.jpg: Generated files are not backed up
/styles/simplecrop/public/ycoden-table-min.jpg: Generated files are not backed up
/styles/simplecrop/public/DO-PLA-LLEVANT.jpg: Generated files are not backed up
/styles/logo_simplecrop/public/logo-white@2x.png: Generated files are not backed up
/js/js__oAtZs5_9mO-TznhJD3Ek0bwE9ya5T9nIZWsbCIaEXY.js: Generated files are not backed up
/js/js_gflIxIDztXpv25IhdhSIb1Wb7oXM4iHi93q8eL1P1KA.js: Generated files are not backed up
/css/css_MhoKezxwUzCbGBEjZ2bl3ljSPkbwBHYVwA8LWVT9O4U.css: Generated files are not backed up
/js/js_nIgumAQz2vOEIcOftJ-W0ja-cVQNQN0vs9JWlw6kgQs.js: Generated files are not backed up
/styles/simplecrop/public/rueda-bigimage-min.jpg: Generated files are not backed up
/js/js_YuwSWhrTeN8WevNoDUNUI2MXbe3zsJ5un36rn5pY8Os.js: Generated files are not backed up
/styles/simplecrop/public/tierra-vino-table.jpg: Generated files are not backed up
/js/js_bapLi88vJyxEJ62_MugaIfF5zRsXyxqTEe5P5_IANfA.js: Generated files are not backed up
/js/js_gPzPHTJxTH1sGOwRr5yjv50k3J-mwIwkCUy4VpKTu-w.js: Generated files are not backed up
/styles/simplecrop/public/Navarre-Navarra-DO_0.jpg: Generated files are not backed up
/styles/simplecrop/public/Andalusia-Málaga---Sierras-de-Málaga-DO.jpg: Generated files are not backed up
/styles/simplecrop/public/madrid-bigimage-min.jpg: Generated files are not backed up
/styles/simplecrop/public/sergio-souza-1208866-unsplash-min-min.jpg: Generated files are not backed up
/js/js_DYkBSJFT8pO6yF9fh33BdnUpWLFAx95QjpW-UZcDQTs.js: Generated files are not backed up
/js/js_YG82hrJHloYtiAgodMftPUgRoUSS3dqXQsi0bze1iqY.js: Generated files are not backed up
/styles/simplecrop/public/priorat-bigimage-min.jpg: Generated files are not backed up
/styles/simplecrop/public/DO-TERRA-ALTA.jpg: Generated files are not backed up
/styles/simplecrop/public/vizcaya-table.png: Generated files are not backed up
/js/js_g_DJ9pnfP7v6uS2S_QrhZBfjeZaAMV8wykcOjq2lRSA.js: Generated files are not backed up
/styles/simplecrop/public/photo-1526137630052-dc2c4693f0d5_0-min.jpg: Generated files are not backed up
/styles/298x219_simplecrop/public/youku-thumbnail_9.jpg: Generated files are not backed up
/styles/simplecrop/public/Aragón--Somontano-DO.jpg: Generated files are not backed up
/styles/simplecrop/public/montsant-bigimage-min.jpg: Generated files are not backed up
/styles/simplecrop/public/conca-table-min.jpg: Generated files are not backed up
/styles/simplecrop/public/hm-islands.png: Generated files are not backed up
/styles/simplecrop/public/Canary-Islands-La-Gomera-DO.jpg: Generated files are not backed up
/styles/simplecrop/public/jumilla-table-min.jpg: Generated files are not backed up
/css/css_V1Xwu5AAvEzBXKtRebK3_dH_ndRTfFw7lH70bPkVhFc.css: Generated files are not backed up
/js/js_yfLab0rsQzJCZq73wo6b5lnRmNiYlpq2-bBoZOksisg.js: Generated files are not backed up
/styles/simplecrop/public/Canary-Islands-Islas-Canarias-DO.jpg: Generated files are not backed up
/css/css_KiKyPM7TsRXyVUNLeXPzNfUqmhXxarb75YSXwpTnKY0.css: Generated files are not backed up
/styles/simplecrop/public/Cluster of grapes Tempranillo variety - Copy (2)_0.jpg: Generated files are not backed up
/js/js_QJ1wjI0LTUxfzV728XkrBl4IAOTpBLslB2Tdteb9D80.js: Generated files are not backed up
/css/css_8pMKG8ebqndY5OvOlNSShhF_XsN4B7mlS2SkWiBjezs.css: Generated files are not backed up
/styles/simplecrop/public/priorat-table-min.jpg: Generated files are not backed up
/js/js_3xKs2gRsXMZHU6mxyi39xbe9KKU7Gvo0OPt7NSjS1xs.js: Generated files are not backed up
/styles/simplecrop/public/jumilla-logo-min.png: Generated files are not backed up
/css/css_aau5QxaTolBUlUw0OK4Pk9hgyWoPHNO6TJyPncBhHfc.css: Generated files are not backed up
/styles/simplecrop/public/valencia-table-min.jpg: Generated files are not backed up
/css/css_LtpbDAsSrYcWmVGw0gcOWs7xL8mPuYJPlK6fChoqtyo.css: Generated files are not backed up
/css/css_XCpwR1C-KR50bVah8B3Wc6sp8jqJVtGOD5HDcD2lzdA.css: Generated files are not backed up
/css/css_1Wu0ZXjXbFkPT4-M-9MO-92COLNcaBbxhn96d6djOOU.css: Generated files are not backed up
/js/js_cXJHuNgJCraHrZrD73CSWfyUDdVvElbohrIjjKCBvjg.js: Generated files are not backed up
/styles/simplecrop/public/Cluster of grapes Monastrell variety - Copy_0.jpg: Generated files are not backed up
/styles/simplecrop/public/hierro-bigimage-min.jpg: Generated files are not backed up
/styles/945x350_simplecrop/public/doug-kelley-743653-unsplash-min-min.jpg: Generated files are not backed up
/styles/simplecrop/public/lamancha2_0.jpg: Generated files are not backed up
/js/js_Pij67y7kXxR5YqAlPv7GtSPSeZiZAjlLr2tCt82WvBQ.js: Generated files are not backed up
/styles/simplecrop/public/valencia-map-min_0.jpg: Generated files are not backed up
/styles/simplecrop/public/mentrida2.jpg: Generated files are not backed up
/js/js_EWBDnT1gRP1gzjsXvSk2gLCmSG77-gGRpfNuAEsjREU.js: Generated files are not backed up
/styles/simplecrop/public/Cluster of grapes Verdejo variety - Copy_0.jpg: Generated files are not backed up
/css/css_HHcalkh9o0jbp6_YD1QJkoEeE5ii8ukBvxm9Dv436X4.css: Generated files are not backed up
/styles/simplecrop/public/getaria-logo.png: Generated files are not backed up
/css/css_FGznCkpPUArZf76HWiSUNKh2_PH2NOaJP-NjLOliKo0.css: Generated files are not backed up
/js/js_zGJwNWm3duu0fLCiqC1-yzlRfBaeF-s07BnMMoPxVCs.js: Generated files are not backed up
/css/css_WjH-yKtbNsNMrI2qEw3lN8rZJuBRO-zydB5UB1uUwFA.css: Generated files are not backed up
/styles/simplecrop/public/tierra-leon-logo.png: Generated files are not backed up
/styles/simplecrop/public/ycoden-bigimage-min.jpg: Generated files are not backed up
/css/css_Iov4lgJEMEWtjlLTr0otB7T1_pvQgzLjDlPCaYy6_EU.css: Generated files are not backed up
/js/js_PFdoTZ5D701F0dI0ZX-q11hiM8aly95BjvzgvC7jWrk.js: Generated files are not backed up
/styles/simplecrop/public/Canary-Islands-La-Palma-DO.jpg: Generated files are not backed up
/styles/simplecrop/public/DO-PLA-DE-BAGES.jpg: Generated files are not backed up
/styles/simplecrop/public/DO-ALMANSA.jpg: Generated files are not backed up
/styles/simplecrop/public/lamancha-table-min.jpg: Generated files are not backed up
/styles/simplecrop/public/monterrei-logo-min.png: Generated files are not backed up
/css/css_VKs_zIcsf6W1kXrSVI258bwOO5Y9XE8GLX91Nzi_drU.css: Generated files are not backed up
/styles/simplecrop/public/alicante-logo-min.png: Generated files are not backed up
/styles/simplecrop/public/jerez-bigimage-min.jpg: Generated files are not backed up
/styles/simplecrop/public/tierra-leon-bigimage-min.jpg: Generated files are not backed up
/js/js_oFQziG9Tp_n7Oq0D8Djv_bwef4KSCTgTrIgX8TUbBGE.js: Generated files are not backed up
/styles/simplecrop/public/Bunch of Xarel.lo grapes - Copy_0.jpg: Generated files are not backed up
/styles/simplecrop/public/Jerez.png: Generated files are not backed up
/js/js_sQ-0nav9tqVFrDeJs6Kw8sXR6dJqKa_tyMvlE9np0WY.js: Generated files are not backed up
/js/js_k_f0YQe9d3lB3Sc4qIDEW2-AjGlNGdZn2Gwr3XlhdRQ.js: Generated files are not backed up
/js/js_4VkIJc5hzTQ61Y4hMKPeL--bXMjm_iAVptwYuuI_Bec.js: Generated files are not backed up
/js/js_OGHD1Iqt0QoYJSTBljsqBHUjg6hpjfiQdWUAj-bctYw.js: Generated files are not backed up
/css/css_tHK46iUcZsu66DrY4JHIYll-5C4C20m-5t9zLEIqq1Q.css: Generated files are not backed up
/styles/simplecrop/public/lamancha-bigimage-min.jpg: Generated files are not backed up
/js/js_1A3qcWpkJrv2yPv8KAszVsFdksa5N91meLFUmETm644.js: Generated files are not backed up
/styles/simplecrop/public/valencia-logo-min.png: Generated files are not backed up
/styles/simplecrop/public/rioja-bigimage.jpg: Generated files are not backed up
/styles/simplecrop/public/Balearic-Islands-Pla-i-Llevant-DO.jpg: Generated files are not backed up
/styles/simplecrop/public/Castile-Leon-Toro-DO.jpg: Generated files are not backed up
/js/js_--RgVlGYEAtkgN8ZG4l_XA_7830MkZhK-wUK5XojYb0.js: Generated files are not backed up
/styles/simplecrop/public/arlanza-table-min.jpg: Generated files are not backed up
/styles/simplecrop/public/DO-VINOS-DE-MADRID.jpg: Generated files are not backed up
/css/css_aOIoVInr3LCKDD6N4CEbXaUymfYGCA-7WcvCiQGg44A.css: Generated files are not backed up
/styles/simplecrop/public/condado-bigimage-min.jpg: Generated files are not backed up
/js/js_k3I2n2cAf_7Xg3XkH3ZNPlpevO7qWkiEPxuRr40Z6XU.js: Generated files are not backed up
/css/css_iZYi_D8qPOfRc9INXsgIrSb5N-FJWg_104zAxbHAWug.css: Generated files are not backed up
/styles/simplecrop/public/20POUR_SPAN-jumbo_6.jpg: Generated files are not backed up
/styles/simplecrop/public/DO-MONTERREI.jpg: Generated files are not backed up
/css/css_3UM-qTREKXAkowrHMoxoLmbbxi4fhLuIA8gZiFlxVLg.css: Generated files are not backed up
/styles/simplecrop/public/Cluster of grapes Graciano variety  - Copy_0.jpg: Generated files are not backed up
/styles/simplecrop/public/Aragón-Calatayud-DO_0.jpg: Generated files are not backed up
/css/css_JOl_K9uF6b5N3M9JePwFjwQ8bU2RHWEPFXfA77N4GkY.css: Generated files are not backed up
/css/css_xE-rWrJf-fncB6ztZfd2huxqgxu4WO-qwma6Xer30m4.css: Generated files are not backed up
/styles/298x219_simplecrop/public/youku-thumbnail_5.jpg: Generated files are not backed up
/styles/simplecrop/public/DO-CONCA-DE-BARBERÁ.jpg: Generated files are not backed up
/styles/simplecrop/public/manchuela-logo-min.png: Generated files are not backed up
/css/css_nq_CrsPr8vk0lBdlXkA9hcDADAwQ1AM0zeDgatQk-V8.css: Generated files are not backed up
/css/css_-ZwMD7V2djvEjgttkLa5YPAhKH1zqWfnjQeibqE-mJk.css: Generated files are not backed up
/js/js_yx4DbICaxGvpmKBHeMzED3lI_EXQX19e5WxQgD-r-fg.js: Generated files are not backed up
/styles/simplecrop/public/malaga-bigimage-min.jpg: Generated files are not backed up
/styles/simplecrop/public/Catalonia-Montsant-DO.jpg: Generated files are not backed up
/js/js_RzOOtBm7-s9hsflS65Dd_YU_i-z6QxtMwfIhqsUzgjA.js: Generated files are not backed up
/css/css_nVucG45IQwfoozFsg7ha4FyIqeynbJHgQws7hb7wQiw.css: Generated files are not backed up
/styles/simplecrop/public/pla-logo-min.png: Generated files are not backed up
/styles/540x350_simplecrop/public/img-education@2x-min.jpg: Generated files are not backed up
/styles/simplecrop/public/reuben-teo-1251290-unsplash-min.jpg: Generated files are not backed up
/styles/simplecrop/public/valdeorras-logo-min.png: Generated files are not backed up
/styles/simplecrop/public/valencia-map-min.jpg: Generated files are not backed up
/js/js_gIocoUa4za_ZHk8KYc_oCyOkYH5zPFBLh6BAMFIWNlo.js: Generated files are not backed up
/styles/simplecrop/public/img2019811063_0_1.jpg: Generated files are not backed up
/js/js_tGoRpRj-Q2ELyk8wY9-Os96iPPmzcAQcQEOnMuv5O3Y.js: Generated files are not backed up
/js/js_GTaZD1XttMj4s7M8GXYuKnOrsExRKkec3RoH3mDyIzM.js: Generated files are not backed up
/styles/footer_image/public/Logo Ofecome Shanghai - Copy-min_1.png: Generated files are not backed up
/js/js_m7k0OeX-4VI1HLamP4rEgNgOoCTTNs8eB0_JAf94XG0.js: Generated files are not backed up
/styles/simplecrop/public/Catalonia-Priorat-DOCa.jpg: Generated files are not backed up
/styles/simplecrop/public/DO-SIERRAS-DE-MALAGA.jpg: Generated files are not backed up
/css/css_9QUu98YEnoLbEOlSDK3a1YM1dEBkBuEoPOwkrZWVCRI.css: Generated files are not backed up
/styles/simplecrop/public/ribera-logo-min.png: Generated files are not backed up
/styles/simplecrop/public/logo-b2x.png: Generated files are not backed up
/js/js_fP_08lPaVf0HoKcOTKUG3FSTn9nWZGZIqh-AuaAE7Pk.js: Generated files are not backed up
/js/js_4SDFqif_sZzeYU7P1sD41Zz4cckpp5vzTXNk56aYmqA.js: Generated files are not backed up
/styles/simplecrop/public/kelsey-chance-575541-unsplash-min_0.jpg: Generated files are not backed up
/css/css_w6Fzigcu6n_bGVx-UxFKqi4_KdL8gPr1QNAwgkVI6qs.css: Generated files are not backed up
/styles/simplecrop/public/emporda-table-min.jpg: Generated files are not backed up
/styles/simplecrop/public/biljana-martinic-1311746-unsplash-min-min_0.jpg: Generated files are not backed up
/styles/simplecrop/public/DO-UTIEL---REQUENA.jpg: Generated files are not backed up
/js/js_XQzR2lsBX6qTMgkixx2enWZKoZiHRSLDzcwpRSQv7Wc.js: Generated files are not backed up
/styles/simplecrop/public/monterrei-table-min.jpg: Generated files are not backed up
/styles/simplecrop/public/Cluster of grapes Macabeo variety - Copy.jpg: Generated files are not backed up
/styles/simplecrop/public/photo-1502624753130-3bfbdf71c320.jpg: Generated files are not backed up
/js/js_2KlXA4Z5El1IQFVPxDN1aX5mIoMSFWGv3vwsP77K9yk.js: Generated files are not backed up
/styles/simplecrop/public/toro-logo.png: Generated files are not backed up
/css/css_0n3wkRSXUryEnrydAmtNa42w-yxuKjSPZDzCSn_a0Rk.css: Generated files are not backed up
/js/js_WGqcucF_KyaeHEW3J5jZtO9Qy3LJI8cxIL_C8H4siQI.js: Generated files are not backed up
/styles/thumbnail/public/weibo.png: Generated files are not backed up
/css/css_T-rht_5h68nqNLZSAJDuyoqehd8m6pTkOU0qga_1wXc.css: Generated files are not backed up
/styles/simplecrop/public/DOCa.-RIOJA.jpg: Generated files are not backed up
/styles/simplecrop/public/DO-EMPORDÁ.jpg: Generated files are not backed up
/css/css_JON-ZBVrMdkB17Lmr0Kr4ZJnK4M5DLrWz8ri0FjFFHo.css: Generated files are not backed up
/js/js_XE_ElncakYwfwNBsxR7YcpgbwVDLftbgeQCfYKCoE9I.js: Generated files are not backed up
/js/js_lJJmmzrPl9HgV-yo_emR0Aa_nqJrt7CuMEpmDl8_1So.js: Generated files are not backed up
/styles/simplecrop/public/arribes-bigimage2-min.jpg: Generated files are not backed up
/styles/simplecrop/public/hm-duero-river-valley.png: Generated files are not backed up
/styles/simplecrop/public/Aragón-Cariñena-DO.jpg: Generated files are not backed up
/styles/logo_simplecrop/public/Foods and Wines from Spain_RGB-01 - Copy_0.jpg: Generated files are not backed up
/js/js_2xRVNTZfEhEBIa8jVri6WwsoLc5SY8L0v74KHQh6-zA.js: Generated files are not backed up
/styles/thumbnail/public/weibo-icn@2x.png: Generated files are not backed up
/styles/simplecrop/public/Valencian-Community-Utiel-Requena-DO.jpg: Generated files are not backed up
/styles/simplecrop/public/camille-minouflet-111751-unsplash-min-min.jpg: Generated files are not backed up
/css/css_fFid7j_eD6wmJtrzBWd-WIN5I07nzpx5NWQiTwufzBI.css: Generated files are not backed up
/styles/simplecrop/public/DO-TIERRA-DE-LEÓN.jpg: Generated files are not backed up
/styles/298x219_simplecrop/public/youku-thumbnail_10.jpg: Generated files are not backed up
/styles/simplecrop/public/hm-green-spain.png: Generated files are not backed up
/styles/simplecrop/public/costers-logo-min.jpg: Generated files are not backed up
/css/css_bU5MJ_7PWcgkRDtlIL1VmBOI2uLyS1veCbRfvqrBHmo.css: Generated files are not backed up
/styles/simplecrop/public/yecla-logo-min.png: Generated files are not backed up
/css/css_w68SHmS9GbHYgg16rkHlRTG-RIIWP6Q6Vt_I5egvfeI.css: Generated files are not backed up
/styles/simplecrop/public/ucles-table-min.jpg: Generated files are not backed up
/styles/simplecrop/public/Canary-Islands-El-Hierro-DO.jpg: Generated files are not backed up
/styles/simplecrop/public/img-news@2x_0.jpg: Generated files are not backed up
/css/css_DyvGQZL8LOKGrV-yI-0bSTVj10Sx1MiE2v8gtQS4mP8.css: Generated files are not backed up
/styles/simplecrop/public/navarra-bigimage.jpg: Generated files are not backed up
/css/css_1kF33EODTO5gDyEbdpAfYzMKbjG3ottD1s5np0BNI8U.css: Generated files are not backed up
/styles/simplecrop/public/carinena-table.jpg: Generated files are not backed up
/styles/simplecrop/public/tacoronte-logo-min.png: Generated files are not backed up
/js/js_MR-FKPV2N_4KB3Uk37iDhZ3K4DrpgJSk9M-Grn-yD1k.js: Generated files are not backed up
/styles/simplecrop/public/ribera-table-min.jpg: Generated files are not backed up
/styles/thumbnail/public/20POUR_SPAN-jumbo_6.jpg: Generated files are not backed up
/js/js_ilcED6iZdDXzgHVjGDQ7rvEFi6gKuCA-iPypXoLVLh0.js: Generated files are not backed up
/js/js_uZJjOQJ5KwCjS4dGg16IJ8U8Elut2rGMWkT4q1q8Usk.js: Generated files are not backed up
/styles/simplecrop/public/DO-RIBERA-DEL-JÚCAR.jpg: Generated files are not backed up
/css/css_vLYx23L_5GLmPl8rt5U74VWm3W_RT_9B5OLXKT6VjgM.css: Generated files are not backed up
/styles/simplecrop/public/alava-logo.png: Generated files are not backed up
/styles/simplecrop/public/utiel-logo-min.png: Generated files are not backed up
/js/js_ny1vDXx-h4RcXAHrA99bfcUZLQUqd-U1Y3aBbt3XXJ0.js: Generated files are not backed up
/styles/simplecrop/public/DO-ABONA.jpg: Generated files are not backed up
/styles/simplecrop/public/photo-1544520533-1b10ed577ab6.jpg: Generated files are not backed up
/styles/thumbnail/public/alava1.jpg: Generated files are not backed up
/css/css_yAlzcYsQCmu_KQXX3iIuxujwUhLCUHEgMmk9TDkwgz4.css: Generated files are not backed up
/styles/simplecrop/public/La-Rioja-DOCa-Rioja.jpg: Generated files are not backed up
/js/js_o3Mx3CtBEaIK4jVaHyU7UNYpQaCOziN4DyhqwXkmQls.js: Generated files are not backed up
/styles/945x350_simplecrop/public/photo-1498429152472-9a433d9ddf3b-min-min.jpg: Generated files are not backed up
/styles/simplecrop/public/DO-CALATAYUD.jpg: Generated files are not backed up
/styles/simplecrop/public/Murcia-Yecla-DO.jpg: Generated files are not backed up
/js/js_ZqioGkEn4PBwaF-QyKQ3Tg5BcgfOgm_oMC0hk-NYzm8.js: Generated files are not backed up
/js/js_sS8V1sIQPVweDyC19flDX23FYx6bV_fLQLLxSZSZMx8.js: Generated files are not backed up
/styles/simplecrop/public/valdepenas2.jpg: Generated files are not backed up
/js/js__OJwIyOSlohb9_cfHwkXQTmrqlWm8dGSs7XmJmopL7U.js: Generated files are not backed up
/js/js_Tny6cuXLFXyuhGClUnC4ocW22CbCIpwYWt2RVrri8a8.js: Generated files are not backed up
/js/js_ip4EVKpiqYHagEBeoM8EjxZS15y9-p3c5-aRs3gYVd8.js: Generated files are not backed up
/js/js_wCrmk1itKgJEelSVfUFZ7q_JDUnsfoTMdMIZx9Ib5wY.js: Generated files are not backed up
/styles/simplecrop/public/Cluster of grapes Garnacha variety - Copy_0.jpg: Generated files are not backed up
/js/js_QfZdWMVHfyt-L5zWO7BO9juxnJFNZHRmmTCyaE5-WKg.js: Generated files are not backed up
/styles/simplecrop/public/lamancha-logo-min.png: Generated files are not backed up
/js/js_BLxotNs2yt7YGlf9QRI9L9AMfdnkQfnN-_ADBTW3SiE.js: Generated files are not backed up
/styles/simplecrop/public/DO-VALLE-DE-GÜIMAR.jpg: Generated files are not backed up
/js/js_JNH1csl9uf356W3JvKUctoiOGGYwc8vLmzls8WYi-64.js: Generated files are not backed up
/css/css_QE_cEa3YYxRSsRoaE4u73sARhr7GSZGNxX6T6NtXrxQ.css: Generated files are not backed up
/css/css_OZkmeQCQtIcWIH1m_s-ubrXg640Ul4K5fepOJmPhWr8.css: Generated files are not backed up
/css/css_oaWAaYQlLQg39Ioh2LTwCx_AerrcpDTnwVGbhFfegNE.css: Generated files are not backed up
/styles/simplecrop/public/ucles2.jpg: Generated files are not backed up
/js/js_4gR8ywRV2X6G1NUpwe7omSL0ZCnr1DF3PHx5pCUHHTA.js: Generated files are not backed up
/styles/simplecrop/public/ycoden-logo-min.png: Generated files are not backed up
/css/css_aGUBWhPxkwh3yvw8N4wCw2bOjcKuEXRszY_71VNop1s.css: Generated files are not backed up
/styles/simplecrop/public/DO-VALDEPEÑAS.jpg: Generated files are not backed up
/styles/simplecrop/public/bierzo-table-min.jpg: Generated files are not backed up
/styles/simplecrop/public/DO-TIERRA-DEL-VINO-DE-ZAMORA.jpg: Generated files are not backed up
/css/css_lY74yagKfR6MXR-3p447Zwcx8Px_1xebFQpt-zjA0r0.css: Generated files are not backed up
/styles/simplecrop/public/manchuela-table-min.jpg: Generated files are not backed up
/js/js_kjAEE4eJksA09TlzUeZV5z4mM1TjVT7a1umFMkR6ZpY.js: Generated files are not backed up
/js/js_uO64N13ASlU8wz0pWcGs0RLcIrQkk30uTQ8NyCjmbSA.js: Generated files are not backed up
/js/js_x1-GjxTocK2LzZu4Fr1mI90w_Rb1ASsRk8k_gFYiaR4.js: Generated files are not backed up
/styles/simplecrop/public/Andalusia--Condado-de-Huelva-DO.jpg: Generated files are not backed up
/js/js_iIwk0eKF64YYaf8kXWKF_1LsLrV5ukin1ycWU9C7SPM.js: Generated files are not backed up
/styles/simplecrop/public/orotava-table-min.jpg: Generated files are not backed up
/styles/simplecrop/public/photo-1526137630052-dc2c4693f0d5.jpg: Generated files are not backed up
/styles/simplecrop/public/DO-GRAN-CANARIA.jpg: Generated files are not backed up
/styles/simplecrop/public/emporda-bigimage-min.jpg: Generated files are not backed up
/css/css_Sok0VrHTqmEFlNWDPZMOIhiowArkUCpKQebbDWOGQcE.css: Generated files are not backed up
/js/js_CXGuL6NW5aq10xYpPPIn5-kayWU3MbSaeJEXM5BFNRc.js: Generated files are not backed up
/css/css_hZ2QZgFR8kL18StbZQD0_ZwjTGqwlEUG-LbDHpHFf2s.css: Generated files are not backed up
/styles/simplecrop/public/mentrida-bigimage-min.jpg: Generated files are not backed up
/styles/298x219_simplecrop/public/youku-thumbnail.jpg: Generated files are not backed up
/styles/simplecrop/public/islas-bigimage-min.jpg: Generated files are not backed up
/styles/simplecrop/public/DO-RIBERA-DEL-GUADIANA.jpg: Generated files are not backed up
/styles/simplecrop/public/binissalem-logo-min.png: Generated files are not backed up
/styles/simplecrop/public/navarra-logo.png: Generated files are not backed up
/js/js_LQ7-LZd2H0HWbISdUet8z-qM5df54DSma1F6kDGiSEY.js: Generated files are not backed up
/js/js_MVh24ktqcb5C0_SLKmJTFo2wMlAv8H8ySSZQu3AWVfk.js: Generated files are not backed up
/js/js_pQ2L7ZVFC3n4pWBPdHDnhNvuHHGBrAdwzFF3MNAtgdo.js: Generated files are not backed up
/styles/simplecrop/public/hm-the-mediterranean-coast.png: Generated files are not backed up
/styles/simplecrop/public/Castile-Leon-Arribes-DO.jpg: Generated files are not backed up
/css/css_cnpkEBlG7aHD9ZbkFMh-dcshHmApsyaUp8VLf9GfgMQ.css: Generated files are not backed up
/js/js_2hdbRFIHV7ifQ_q4s-CeEz-OMQ0NAv2rWaEZn7f_nkk.js: Generated files are not backed up
/css/css_ITt1ON2kn2nD9fr2hls6GuZn_wnzMg6aWQKhokSfRgw.css: Generated files are not backed up
/css/css_J2VvYo9-liYD71I96lMK3FHMXXC6hcnR5prntnYHO98.css: Generated files are not backed up
/styles/simplecrop/public/vizcaya-bigimage.png: Generated files are not backed up
/styles/simplecrop/public/arlanza.png: Generated files are not backed up
/css/css_BailtY6up2crdvLRQ70mtn2qi1egmUkuRTIhgzGl74U.css: Generated files are not backed up
/js/js_6Yl2yEVziUduPsRXLbn5mtFUEDMO7tnW2FPQlPlXE2c.js: Generated files are not backed up
/styles/simplecrop/public/palma-logo-min.png: Generated files are not backed up
/css/css_TlryyR2WFy771OeZ5LHXrbATB033CjpKJ-BjaB1QNqk.css: Generated files are not backed up
/styles/simplecrop/public/abona-bigimage-min.jpg: Generated files are not backed up
/styles/simplecrop/public/Catalonia-Tarragona-DO.jpg: Generated files are not backed up
/styles/simplecrop/public/ribera-bigimage-min_0.jpg: Generated files are not backed up
/css/css_-FIHjPX_cqnLPQJqsyJ8Ni-KKSjjh5HJRZdx3sEDIYY.css: Generated files are not backed up
/js/js_nazyHmVhQEFxhcKbk_AO0052lxTHP6KCmht8nWwuOnY.js: Generated files are not backed up
/js/js_SDW6MfBj2eGlJ4VyDHNQMhKfoO3BI-2MxuzZWD53YbU.js: Generated files are not backed up
/js/js_FHrYsmMM_uuou_-l5axHhui-yjWmix6iUuFAlw9RozM.js: Generated files are not backed up
/styles/simplecrop/public/banner@2x_11.jpg: Generated files are not backed up
/js/js_XWMSJ4XNidr8h9f_V5E0RQ-0j23Ia3g5BqDjX-6IGHk.js: Generated files are not backed up
/styles/simplecrop/public/Andalusia-Montilla-Moriles-DO-.jpg: Generated files are not backed up
/styles/simplecrop/public/calatayud-logo.png: Generated files are not backed up
/css/css_tY5ZO8piR1i0QBZW0E6YNdCLiQ9nHBLCc2XtM_2ssjM.css: Generated files are not backed up
/js/js_4J-DhGczXw9h6gcy7boL-hMUkDxno1h34Ilrfn7TJe4.js: Generated files are not backed up
/styles/298x219_simplecrop/public/youku-thumbnail_6.jpg: Generated files are not backed up
/js/js_EPBpe2qz70sEBEYlJDddOUhy7j-wLPeVGKCYFHh2WLg.js: Generated files are not backed up
/css/css_s-qJH0glYTCx7Z5JdVfLDzOUt3jrxDH0QiPpiJLIkzc.css: Generated files are not backed up
/styles/simplecrop/public/里奥哈优质原产地名称保护.jpg: Generated files are not backed up
/css/css_b1jluAq2QwmxvnLjkyJidt6sVpjDT0-2LP2DlghMsiQ.css: Generated files are not backed up
/js/js_t74Fs92ywAXOwpFxZTTTN4y2QVDZD9JhaijtGk1E05Y.js: Generated files are not backed up
/styles/simplecrop/public/DO-PENEDÉS.jpg: Generated files are not backed up
/js/js_HRla_F97y3-iV-U62rNVSgSgMhhjs63DjoT5r-1Kboc.js: Generated files are not backed up
/styles/298x219_simplecrop/public/youku-thumbnail_0.jpg: Generated files are not backed up
/css/css_GraANNRlvr4J-Y2EZdT1CaXZRpm8uqA5_97cxv5Snm8.css: Generated files are not backed up
/styles/simplecrop/public/sergio-souza-1208866-unsplash-min-min_0.jpg: Generated files are not backed up
/styles/simplecrop/public/rioja-table.png: Generated files are not backed up
/css/css_j6voDSXjIPROqC2RDZ6JGRU3RTTRS43Fwmvnl3zSUaQ.css: Generated files are not backed up
/styles/simplecrop/public/campo-borja-bigimage.jpg: Generated files are not backed up
/js/js_H7q2xORKmR9AN8Qx5spKEIBp7R_wG2apAswJoCUZY7I.js: Generated files are not backed up
/js/js_N8rl13_ClLlUKzZdpZXOc9WsZHKed_0CAWg2kmu4Bxg.js: Generated files are not backed up
/js/js_x-FOoyxXMPU11gYkUCEAilhFuLrrH6OHYKWpqGgCtc0.js: Generated files are not backed up
/js/js_EC9Zuk5TH3ZdRcIgJxmbZCpi3xmwgIbzG-cjEBEOh54.js: Generated files are not backed up
/styles/simplecrop/public/guimar-logo-min.png: Generated files are not backed up
/js/js_KwvPZfcYoc9n0czZdBnGKkJb04y7TxKACgwTee0nvFQ.js: Generated files are not backed up
/css/css_XiFvWDN4GWBH0kGL69XZuVUsKguk-euLhO_XrThwvnI.css: Generated files are not backed up
/styles/simplecrop/public/DO-SOMONTANO.jpg: Generated files are not backed up
/styles/thumbnail/public/youku.png: Generated files are not backed up
/css/css_vi3nzvogmgVh5I4Jq3YLxPPC6wcaofKh9AafeFRzpqs.css: Generated files are not backed up
/js/js_VUDXqUHZ5QhYkNMeL6f73mumGF3-_JUj9EbY3FMIvkM.js: Generated files are not backed up
/styles/simplecrop/public/kelsey-chance-575541-unsplash-min.jpg: Generated files are not backed up
/css/css_N0bpIEF_DE165H6bbd7MQ645GGu5qnJmsLR1pBhuhlU.css: Generated files are not backed up
/css/css_WghWK7a68EtAIV_LZcFjeO4PVd0i4WxIaLoERn6VOy0.css: Generated files are not backed up
/js/js_LApHVsvPp1RB9sgjLaf2AEx8lOFOSZiqfOUgDFN2u5c.js: Generated files are not backed up
/styles/simplecrop/public/Cluster of grapes Carinena variety - Copy_0.jpg: Generated files are not backed up
/styles/simplecrop/public/ribera2_0.jpg: Generated files are not backed up
/styles/simplecrop/public/monterrei-bigimage-min.jpg: Generated files are not backed up
/styles/simplecrop/public/calatayud-table.jpg: Generated files are not backed up
/styles/thumbnail/public/20POUR_SPAN-jumbo_1.jpg: Generated files are not backed up
/css/css_-_LEJSgtei6SNtca4tnPWnBV6Ty2DDnpfn4KMWLD4DM.css: Generated files are not backed up
/styles/500x530_simplecrop/public/event1-min.jpg: Generated files are not backed up
/js/js_5zBFiX3NOfWYkH1ZLy9YRrM_E7TasEac1_kaUFoeZAY.js: Generated files are not backed up
/js/js_-V1BAAtToCfv7E_eVxW48Rk5PRh_9lrZwoOCCIlyQA0.js: Generated files are not backed up
/js/js_z_3rbsAJXZiILw9eNY32-RhExXyNm0kSghpjiAk0D8g.js: Generated files are not backed up
/styles/simplecrop/public/event-2_1.jpg: Generated files are not backed up
/styles/simplecrop/public/Canary-Islands-Tacoronte-Acentejo-DO.jpg: Generated files are not backed up
/styles/simplecrop/public/getaria-table.png: Generated files are not backed up
/js/js__7EtsbuC7FfkRe7pyk-mjSrxx-YQUDQS69YkFsBVU0Y.js: Generated files are not backed up
/styles/simplecrop/public/campo-borja-table.jpg: Generated files are not backed up
/js/js_q7wxM8t0KZDNP1o20tUWvLbnXfsPL4b3VQ45oqWIEp0.js: Generated files are not backed up
/styles/simplecrop/public/tarragona-table-min.jpg: Generated files are not backed up
/styles/simplecrop/public/La-Rioja-DOCa-Rioja_0.jpg: Generated files are not backed up
/css/css_OW3YFZvwquD8nXCt_XJbTvVFEHnDAH7mi-orJjuDBFw.css: Generated files are not backed up
/css/css_22xNVJSfcAaKzvhIn7_zroNXq3EYdiKEEhgDrffeKKw.css: Generated files are not backed up
/js/js_xvYJgU6LChHqbcSh4y1AvdXfD5QBIwT3GVGVUeuksbM.js: Generated files are not backed up
/styles/simplecrop/public/Canary-Islands-Lanzarote-DO.jpg: Generated files are not backed up
/css/css_LS9OUalDR9-d_lCAvF3yUWjNU6yF8ZBm84jEPRvoyuQ.css: Generated files are not backed up
/styles/simplecrop/public/Galicia-Ribeiro-DO.jpg: Generated files are not backed up
/styles/simplecrop/public/DO-CAMPO-DE-BORJA.jpg: Generated files are not backed up
/js/js_Zfoe87-OvTSj3-WBd_2Q2oo4cLwqwq0aMLFXueuhRI4.js: Generated files are not backed up
/styles/simplecrop/public/DO BIERZO.jpg: Generated files are not backed up
/css/css_4mZQ_xbwKPIlOv_qnjv7zaWhiP9ZEDfl-ds2yYUjEiM.css: Generated files are not backed up
/styles/simplecrop/public/DO-BINISSALEM---MALLORCA.jpg: Generated files are not backed up
/js/js_HpNasRX0r_fXM6Ujw6ht32zndEkikJLJdnQZvY5aZmg.js: Generated files are not backed up
/styles/simplecrop/public/islas-table-min.jpg: Generated files are not backed up
/styles/simplecrop/public/img-news@2x_1.jpg: Generated files are not backed up
/js/js_xSpyxcOR4mG2Mm8sFexr30-wPI_v5uO_KylqxUKIDJs.js: Generated files are not backed up
/js/js_Gh0qj-YCOmH5FL2zGdshARIsYbocXjzk_UCswCt4-bI.js: Generated files are not backed up
/styles/298x219_simplecrop/public/youku-thumbnail_15.jpg: Generated files are not backed up
/styles/simplecrop/public/DO-MANCHUELA.jpg: Generated files are not backed up
/js/js_jjxzSCWDcBINTVPeI6rgyWEOCwpbh5dz2F8ruwbSz8w.js: Generated files are not backed up
/styles/simplecrop/public/malaga.png: Generated files are not backed up

If you need immediate access to the files listed here, or have questions about
the state of your files, you can contact support via your Dashboard.

